2023-11-03 11:34:52,570 my-windows quarkus-run.jar[38142] INFO  [com.dot.cli.com.LoggingExecutionStrategy] (main) Executing command: login --password=dotcms --user=admin@dotcms.com
2023-11-03 11:34:52,595 my-windows quarkus-run.jar[38142] ERROR [com.dot.cli.com.OutputOptionMixin] (main) Error in command [login] with message: 
  none  : com.dotcms.api.exception.ClientConfigNotFoundException: none
	at com.dotcms.api.client.RestClientFactory.getClient(RestClientFactory.java:71)
	at com.dotcms.api.client.RestClientFactory.getClient(RestClientFactory.java:83)
	at com.dotcms.api.client.RestClientFactory_ClientProxy.getClient(Unknown Source)
	at com.dotcms.api.DefaultAuthenticationContextImpl.login(DefaultAuthenticationContextImpl.java:89)
	at com.dotcms.api.DefaultAuthenticationContextImpl_ClientProxy.login(Unknown Source)
	at com.dotcms.cli.command.LoginCommand.call(LoginCommand.java:55)
	at com.dotcms.cli.command.LoginCommand_Subclass.call$$superforward1(Unknown Source)
	at com.dotcms.cli.command.LoginCommand_Subclass$$function$$2.apply(Unknown Source)
	at io.quarkus.arc.impl.AroundInvokeInvocationContext.proceed(AroundInvokeInvocationContext.java:54)
	at io.quarkus.arc.impl.ActivateRequestContextInterceptor.aroundInvoke(ActivateRequestContextInterceptor.java:24)
	at io.quarkus.arc.impl.ActivateRequestContextInterceptor_Bean.intercept(Unknown Source)
	at io.quarkus.arc.impl.InterceptorInvocation.invoke(InterceptorInvocation.java:41)
	at io.quarkus.arc.impl.AroundInvokeInvocationContext.perform(AroundInvokeInvocationContext.java:41)
	at io.quarkus.arc.impl.InvocationContexts.performAroundInvoke(InvocationContexts.java:32)
	at com.dotcms.cli.command.LoginCommand_Subclass.call(Unknown Source)
	at com.dotcms.cli.command.LoginCommand.call(LoginCommand.java:13)
	at picocli.CommandLine.executeUserObject(CommandLine.java:1953)
	at picocli.CommandLine.access$1300(CommandLine.java:145)
	at picocli.CommandLine$RunLast.executeUserObjectOfLastSubcommandWithSameParent(CommandLine.java:2358)
	at picocli.CommandLine$RunLast.handle(CommandLine.java:2352)
	at picocli.CommandLine$RunLast.handle(CommandLine.java:2314)
	at picocli.CommandLine$AbstractParseResultHandler.execute(CommandLine.java:2179)
	at picocli.CommandLine$RunLast.execute(CommandLine.java:2316)
	at com.dotcms.cli.common.LoggingExecutionStrategy.execute(LoggingExecutionStrategy.java:45)
	at io.quarkus.picocli.runtime.PicocliRunner$EventExecutionStrategy.execute(PicocliRunner.java:26)
	at picocli.CommandLine.execute(CommandLine.java:2078)
	at io.quarkus.picocli.runtime.PicocliRunner.run(PicocliRunner.java:40)
	at io.quarkus.runtime.ApplicationLifecycleManager.run(ApplicationLifecycleManager.java:124)
	at io.quarkus.runtime.Quarkus.run(Quarkus.java:67)
	at io.quarkus.runtime.Quarkus.run(Quarkus.java:41)
	at io.quarkus.runner.GeneratedMain.main(Unknown Source)
	at java.base/jdk.internal.reflect.NativeMethodAccessorImpl.invoke0(Native Method)
	at java.base/jdk.internal.reflect.NativeMethodAccessorImpl.invoke(NativeMethodAccessorImpl.java:62)
	at java.base/jdk.internal.reflect.DelegatingMethodAccessorImpl.invoke(DelegatingMethodAccessorImpl.java:43)
	at java.base/java.lang.reflect.Method.invoke(Method.java:566)
	at io.quarkus.bootstrap.runner.QuarkusEntryPoint.doRun(QuarkusEntryPoint.java:60)
	at io.quarkus.bootstrap.runner.QuarkusEntryPoint.main(QuarkusEntryPoint.java:31)

2023-11-03 11:35:10,346 my-windows quarkus-run.jar[38207] INFO  [com.dot.cli.com.LoggingExecutionStrategy] (main) Executing command: login -h
2023-11-03 11:36:00,378 my-windows quarkus-run.jar[38289] INFO  [com.dot.cli.com.LoggingExecutionStrategy] (main) Executing command: login -p=dotcms -u=admin@dotcms.com
2023-11-03 11:36:00,395 my-windows quarkus-run.jar[38289] ERROR [com.dot.cli.com.OutputOptionMixin] (main) Error in command [login] with message: 
  none  : com.dotcms.api.exception.ClientConfigNotFoundException: none
	at com.dotcms.api.client.RestClientFactory.getClient(RestClientFactory.java:71)
	at com.dotcms.api.client.RestClientFactory.getClient(RestClientFactory.java:83)
	at com.dotcms.api.client.RestClientFactory_ClientProxy.getClient(Unknown Source)
	at com.dotcms.api.DefaultAuthenticationContextImpl.login(DefaultAuthenticationContextImpl.java:89)
	at com.dotcms.api.DefaultAuthenticationContextImpl_ClientProxy.login(Unknown Source)
	at com.dotcms.cli.command.LoginCommand.call(LoginCommand.java:55)
	at com.dotcms.cli.command.LoginCommand_Subclass.call$$superforward1(Unknown Source)
	at com.dotcms.cli.command.LoginCommand_Subclass$$function$$2.apply(Unknown Source)
	at io.quarkus.arc.impl.AroundInvokeInvocationContext.proceed(AroundInvokeInvocationContext.java:54)
	at io.quarkus.arc.impl.ActivateRequestContextInterceptor.aroundInvoke(ActivateRequestContextInterceptor.java:24)
	at io.quarkus.arc.impl.ActivateRequestContextInterceptor_Bean.intercept(Unknown Source)
	at io.quarkus.arc.impl.InterceptorInvocation.invoke(InterceptorInvocation.java:41)
	at io.quarkus.arc.impl.AroundInvokeInvocationContext.perform(AroundInvokeInvocationContext.java:41)
	at io.quarkus.arc.impl.InvocationContexts.performAroundInvoke(InvocationContexts.java:32)
	at com.dotcms.cli.command.LoginCommand_Subclass.call(Unknown Source)
	at com.dotcms.cli.command.LoginCommand.call(LoginCommand.java:13)
	at picocli.CommandLine.executeUserObject(CommandLine.java:1953)
	at picocli.CommandLine.access$1300(CommandLine.java:145)
	at picocli.CommandLine$RunLast.executeUserObjectOfLastSubcommandWithSameParent(CommandLine.java:2358)
	at picocli.CommandLine$RunLast.handle(CommandLine.java:2352)
	at picocli.CommandLine$RunLast.handle(CommandLine.java:2314)
	at picocli.CommandLine$AbstractParseResultHandler.execute(CommandLine.java:2179)
	at picocli.CommandLine$RunLast.execute(CommandLine.java:2316)
	at com.dotcms.cli.common.LoggingExecutionStrategy.execute(LoggingExecutionStrategy.java:45)
	at io.quarkus.picocli.runtime.PicocliRunner$EventExecutionStrategy.execute(PicocliRunner.java:26)
	at picocli.CommandLine.execute(CommandLine.java:2078)
	at io.quarkus.picocli.runtime.PicocliRunner.run(PicocliRunner.java:40)
	at io.quarkus.runtime.ApplicationLifecycleManager.run(ApplicationLifecycleManager.java:124)
	at io.quarkus.runtime.Quarkus.run(Quarkus.java:67)
	at io.quarkus.runtime.Quarkus.run(Quarkus.java:41)
	at io.quarkus.runner.GeneratedMain.main(Unknown Source)
	at java.base/jdk.internal.reflect.NativeMethodAccessorImpl.invoke0(Native Method)
	at java.base/jdk.internal.reflect.NativeMethodAccessorImpl.invoke(NativeMethodAccessorImpl.java:62)
	at java.base/jdk.internal.reflect.DelegatingMethodAccessorImpl.invoke(DelegatingMethodAccessorImpl.java:43)
	at java.base/java.lang.reflect.Method.invoke(Method.java:566)
	at io.quarkus.bootstrap.runner.QuarkusEntryPoint.doRun(QuarkusEntryPoint.java:60)
	at io.quarkus.bootstrap.runner.QuarkusEntryPoint.main(QuarkusEntryPoint.java:31)

2023-11-03 11:48:16,069 my-windows quarkus-run.jar[38767] INFO  [com.dot.cli.com.LoggingExecutionStrategy] (main) Executing command: login -e -p=dotcms -u=admin@dotcms.com
2023-11-03 11:48:16,087 my-windows quarkus-run.jar[38767] ERROR [com.dot.cli.com.OutputOptionMixin] (main) Error in command [login] with message: 
  none  : com.dotcms.api.exception.ClientConfigNotFoundException: none
	at com.dotcms.api.client.RestClientFactory.getClient(RestClientFactory.java:71)
	at com.dotcms.api.client.RestClientFactory.getClient(RestClientFactory.java:83)
	at com.dotcms.api.client.RestClientFactory_ClientProxy.getClient(Unknown Source)
	at com.dotcms.api.DefaultAuthenticationContextImpl.login(DefaultAuthenticationContextImpl.java:89)
	at com.dotcms.api.DefaultAuthenticationContextImpl_ClientProxy.login(Unknown Source)
	at com.dotcms.cli.command.LoginCommand.call(LoginCommand.java:55)
	at com.dotcms.cli.command.LoginCommand_Subclass.call$$superforward1(Unknown Source)
	at com.dotcms.cli.command.LoginCommand_Subclass$$function$$2.apply(Unknown Source)
	at io.quarkus.arc.impl.AroundInvokeInvocationContext.proceed(AroundInvokeInvocationContext.java:54)
	at io.quarkus.arc.impl.ActivateRequestContextInterceptor.aroundInvoke(ActivateRequestContextInterceptor.java:24)
	at io.quarkus.arc.impl.ActivateRequestContextInterceptor_Bean.intercept(Unknown Source)
	at io.quarkus.arc.impl.InterceptorInvocation.invoke(InterceptorInvocation.java:41)
	at io.quarkus.arc.impl.AroundInvokeInvocationContext.perform(AroundInvokeInvocationContext.java:41)
	at io.quarkus.arc.impl.InvocationContexts.performAroundInvoke(InvocationContexts.java:32)
	at com.dotcms.cli.command.LoginCommand_Subclass.call(Unknown Source)
	at com.dotcms.cli.command.LoginCommand.call(LoginCommand.java:13)
	at picocli.CommandLine.executeUserObject(CommandLine.java:1953)
	at picocli.CommandLine.access$1300(CommandLine.java:145)
	at picocli.CommandLine$RunLast.executeUserObjectOfLastSubcommandWithSameParent(CommandLine.java:2358)
	at picocli.CommandLine$RunLast.handle(CommandLine.java:2352)
	at picocli.CommandLine$RunLast.handle(CommandLine.java:2314)
	at picocli.CommandLine$AbstractParseResultHandler.execute(CommandLine.java:2179)
	at picocli.CommandLine$RunLast.execute(CommandLine.java:2316)
	at com.dotcms.cli.common.LoggingExecutionStrategy.execute(LoggingExecutionStrategy.java:45)
	at io.quarkus.picocli.runtime.PicocliRunner$EventExecutionStrategy.execute(PicocliRunner.java:26)
	at picocli.CommandLine.execute(CommandLine.java:2078)
	at io.quarkus.picocli.runtime.PicocliRunner.run(PicocliRunner.java:40)
	at io.quarkus.runtime.ApplicationLifecycleManager.run(ApplicationLifecycleManager.java:124)
	at io.quarkus.runtime.Quarkus.run(Quarkus.java:67)
	at io.quarkus.runtime.Quarkus.run(Quarkus.java:41)
	at io.quarkus.runner.GeneratedMain.main(Unknown Source)
	at java.base/jdk.internal.reflect.NativeMethodAccessorImpl.invoke0(Native Method)
	at java.base/jdk.internal.reflect.NativeMethodAccessorImpl.invoke(NativeMethodAccessorImpl.java:62)
	at java.base/jdk.internal.reflect.DelegatingMethodAccessorImpl.invoke(DelegatingMethodAccessorImpl.java:43)
	at java.base/java.lang.reflect.Method.invoke(Method.java:566)
	at io.quarkus.bootstrap.runner.QuarkusEntryPoint.doRun(QuarkusEntryPoint.java:60)
	at io.quarkus.bootstrap.runner.QuarkusEntryPoint.main(QuarkusEntryPoint.java:31)

2023-11-03 11:49:13,232 my-windows quarkus-run.jar[38934] INFO  [com.dot.cli.com.LoggingExecutionStrategy] (main) Executing command: instance
2023-11-03 11:49:41,522 my-windows quarkus-run.jar[39011] INFO  [com.dot.cli.com.LoggingExecutionStrategy] (main) Executing command: status
2023-11-03 11:50:21,299 my-windows quarkus-run.jar[39136] INFO  [com.dot.cli.com.LoggingExecutionStrategy] (main) Executing command: files pull //default
2023-11-03 11:50:21,320 my-windows quarkus-run.jar[39136] INFO  [com.dot.com.WorkspaceManagerImpl] (main) looking up workspace, current path is : /Users/jsanca/gitsources/jsanca-plugins/dotcms-js and parent is /Users/jsanca/gitsources/jsanca-plugins
2023-11-03 11:50:21,426 my-windows quarkus-run.jar[39136] ERROR [com.dot.api.cli.fil.tra.RemoteTraversalServiceImpl] (ForkJoinPool.commonPool-worker-19) Error retrieving folder information [/]: com.dotcms.api.exception.ClientConfigNotFoundException: none
	at com.dotcms.api.client.RestClientFactory.getClient(RestClientFactory.java:71)
	at com.dotcms.api.client.RestClientFactory.getClient(RestClientFactory.java:83)
	at com.dotcms.api.client.RestClientFactory_ClientProxy.getClient(Unknown Source)
	at com.dotcms.api.client.files.traversal.data.Retriever.retrieveFolderInformation(Retriever.java:120)
	at com.dotcms.api.client.files.traversal.data.Retriever_Subclass.retrieveFolderInformation$$superforward1(Unknown Source)
	at com.dotcms.api.client.files.traversal.data.Retriever_Subclass$$function$$3.apply(Unknown Source)
	at io.quarkus.arc.impl.AroundInvokeInvocationContext.proceed(AroundInvokeInvocationContext.java:54)
	at io.quarkus.arc.impl.ActivateRequestContextInterceptor.aroundInvoke(ActivateRequestContextInterceptor.java:20)
	at io.quarkus.arc.impl.ActivateRequestContextInterceptor_Bean.intercept(Unknown Source)
	at io.quarkus.arc.impl.InterceptorInvocation.invoke(InterceptorInvocation.java:41)
	at io.quarkus.arc.impl.AroundInvokeInvocationContext.perform(AroundInvokeInvocationContext.java:41)
	at io.quarkus.arc.impl.InvocationContexts.performAroundInvoke(InvocationContexts.java:32)
	at com.dotcms.api.client.files.traversal.data.Retriever_Subclass.retrieveFolderInformation(Unknown Source)
	at com.dotcms.api.client.files.traversal.data.Retriever_ClientProxy.retrieveFolderInformation(Unknown Source)
	at com.dotcms.api.client.files.traversal.task.RemoteFolderTraversalTask.retrieveFolderInformation(RemoteFolderTraversalTask.java:238)
	at com.dotcms.api.client.files.traversal.task.RemoteFolderTraversalTask.compute(RemoteFolderTraversalTask.java:87)
	at com.dotcms.api.client.files.traversal.task.RemoteFolderTraversalTask.compute(RemoteFolderTraversalTask.java:21)
	at java.base/java.util.concurrent.RecursiveTask.exec(RecursiveTask.java:94)
	at java.base/java.util.concurrent.ForkJoinTask.doExec(ForkJoinTask.java:290)
	at java.base/java.util.concurrent.ForkJoinTask.doJoin(ForkJoinTask.java:396)
	at java.base/java.util.concurrent.ForkJoinTask.join(ForkJoinTask.java:721)
	at java.base/java.util.concurrent.ForkJoinPool.invoke(ForkJoinPool.java:2423)
	at com.dotcms.api.client.files.traversal.RemoteTraversalServiceImpl.traverseRemoteFolder(RemoteTraversalServiceImpl.java:106)
	at com.dotcms.api.client.files.traversal.RemoteTraversalServiceImpl_Subclass.traverseRemoteFolder$$superforward1(Unknown Source)
	at com.dotcms.api.client.files.traversal.RemoteTraversalServiceImpl_Subclass$$function$$1.apply(Unknown Source)
	at io.quarkus.arc.impl.AroundInvokeInvocationContext.proceed(AroundInvokeInvocationContext.java:54)
	at io.quarkus.arc.impl.ActivateRequestContextInterceptor.aroundInvoke(ActivateRequestContextInterceptor.java:24)
	at io.quarkus.arc.impl.ActivateRequestContextInterceptor_Bean.intercept(Unknown Source)
	at io.quarkus.arc.impl.InterceptorInvocation.invoke(InterceptorInvocation.java:41)
	at io.quarkus.arc.impl.AroundInvokeInvocationContext.perform(AroundInvokeInvocationContext.java:41)
	at io.quarkus.arc.impl.InvocationContexts.performAroundInvoke(InvocationContexts.java:32)
	at com.dotcms.api.client.files.traversal.RemoteTraversalServiceImpl_Subclass.traverseRemoteFolder(Unknown Source)
	at com.dotcms.cli.command.files.FilesPull.lambda$call$0(FilesPull.java:124)
	at java.base/java.util.concurrent.CompletableFuture$AsyncSupply.run(CompletableFuture.java:1700)
	at java.base/java.util.concurrent.CompletableFuture$AsyncSupply.exec(CompletableFuture.java:1692)
	at java.base/java.util.concurrent.ForkJoinTask.doExec(ForkJoinTask.java:290)
	at java.base/java.util.concurrent.ForkJoinPool$WorkQueue.topLevelExec(ForkJoinPool.java:1020)
	at java.base/java.util.concurrent.ForkJoinPool.scan(ForkJoinPool.java:1656)
	at java.base/java.util.concurrent.ForkJoinPool.runWorker(ForkJoinPool.java:1594)
	at java.base/java.util.concurrent.ForkJoinWorkerThread.run(ForkJoinWorkerThread.java:183)

2023-11-03 11:50:21,685 my-windows quarkus-run.jar[39136] ERROR [com.dot.cli.com.OutputOptionMixin] (main) Error in command [pull] with message: 
  none  : java.util.concurrent.CompletionException: com.dotcms.api.client.files.traversal.exception.TraversalTaskException: Error retrieving folder information [/]
	at java.base/java.util.concurrent.CompletableFuture.encodeThrowable(CompletableFuture.java:314)
	at java.base/java.util.concurrent.CompletableFuture.completeThrowable(CompletableFuture.java:319)
	at java.base/java.util.concurrent.CompletableFuture$AsyncSupply.run(CompletableFuture.java:1702)
	at java.base/java.util.concurrent.CompletableFuture$AsyncSupply.exec(CompletableFuture.java:1692)
	at java.base/java.util.concurrent.ForkJoinTask.doExec(ForkJoinTask.java:290)
	at java.base/java.util.concurrent.ForkJoinPool$WorkQueue.topLevelExec(ForkJoinPool.java:1020)
	at java.base/java.util.concurrent.ForkJoinPool.scan(ForkJoinPool.java:1656)
	at java.base/java.util.concurrent.ForkJoinPool.runWorker(ForkJoinPool.java:1594)
	at java.base/java.util.concurrent.ForkJoinWorkerThread.run(ForkJoinWorkerThread.java:183)
Caused by: com.dotcms.api.client.files.traversal.exception.TraversalTaskException: Error retrieving folder information [/]
	at com.dotcms.api.client.files.traversal.task.RemoteFolderTraversalTask.retrieveFolderInformation(RemoteFolderTraversalTask.java:251)
	at com.dotcms.api.client.files.traversal.task.RemoteFolderTraversalTask.compute(RemoteFolderTraversalTask.java:87)
	at com.dotcms.api.client.files.traversal.task.RemoteFolderTraversalTask.compute(RemoteFolderTraversalTask.java:21)
	at java.base/java.util.concurrent.RecursiveTask.exec(RecursiveTask.java:94)
	at java.base/java.util.concurrent.ForkJoinTask.doExec(ForkJoinTask.java:290)
	at java.base/java.util.concurrent.ForkJoinTask.doJoin(ForkJoinTask.java:396)
	at java.base/java.util.concurrent.ForkJoinTask.join(ForkJoinTask.java:721)
	at java.base/java.util.concurrent.ForkJoinPool.invoke(ForkJoinPool.java:2423)
	at com.dotcms.api.client.files.traversal.RemoteTraversalServiceImpl.traverseRemoteFolder(RemoteTraversalServiceImpl.java:106)
	at com.dotcms.api.client.files.traversal.RemoteTraversalServiceImpl_Subclass.traverseRemoteFolder$$superforward1(Unknown Source)
	at com.dotcms.api.client.files.traversal.RemoteTraversalServiceImpl_Subclass$$function$$1.apply(Unknown Source)
	at io.quarkus.arc.impl.AroundInvokeInvocationContext.proceed(AroundInvokeInvocationContext.java:54)
	at io.quarkus.arc.impl.ActivateRequestContextInterceptor.aroundInvoke(ActivateRequestContextInterceptor.java:24)
	at io.quarkus.arc.impl.ActivateRequestContextInterceptor_Bean.intercept(Unknown Source)
	at io.quarkus.arc.impl.InterceptorInvocation.invoke(InterceptorInvocation.java:41)
	at io.quarkus.arc.impl.AroundInvokeInvocationContext.perform(AroundInvokeInvocationContext.java:41)
	at io.quarkus.arc.impl.InvocationContexts.performAroundInvoke(InvocationContexts.java:32)
	at com.dotcms.api.client.files.traversal.RemoteTraversalServiceImpl_Subclass.traverseRemoteFolder(Unknown Source)
	at com.dotcms.cli.command.files.FilesPull.lambda$call$0(FilesPull.java:124)
	at java.base/java.util.concurrent.CompletableFuture$AsyncSupply.run(CompletableFuture.java:1700)
	... 6 more
Caused by: com.dotcms.api.exception.ClientConfigNotFoundException: none
	at com.dotcms.api.client.RestClientFactory.getClient(RestClientFactory.java:71)
	at com.dotcms.api.client.RestClientFactory.getClient(RestClientFactory.java:83)
	at com.dotcms.api.client.RestClientFactory_ClientProxy.getClient(Unknown Source)
	at com.dotcms.api.client.files.traversal.data.Retriever.retrieveFolderInformation(Retriever.java:120)
	at com.dotcms.api.client.files.traversal.data.Retriever_Subclass.retrieveFolderInformation$$superforward1(Unknown Source)
	at com.dotcms.api.client.files.traversal.data.Retriever_Subclass$$function$$3.apply(Unknown Source)
	at io.quarkus.arc.impl.AroundInvokeInvocationContext.proceed(AroundInvokeInvocationContext.java:54)
	at io.quarkus.arc.impl.ActivateRequestContextInterceptor.aroundInvoke(ActivateRequestContextInterceptor.java:20)
	at io.quarkus.arc.impl.ActivateRequestContextInterceptor_Bean.intercept(Unknown Source)
	at io.quarkus.arc.impl.InterceptorInvocation.invoke(InterceptorInvocation.java:41)
	at io.quarkus.arc.impl.AroundInvokeInvocationContext.perform(AroundInvokeInvocationContext.java:41)
	at io.quarkus.arc.impl.InvocationContexts.performAroundInvoke(InvocationContexts.java:32)
	at com.dotcms.api.client.files.traversal.data.Retriever_Subclass.retrieveFolderInformation(Unknown Source)
	at com.dotcms.api.client.files.traversal.data.Retriever_ClientProxy.retrieveFolderInformation(Unknown Source)
	at com.dotcms.api.client.files.traversal.task.RemoteFolderTraversalTask.retrieveFolderInformation(RemoteFolderTraversalTask.java:238)
	... 25 more

2023-11-03 11:58:29,063 my-windows quarkus-run.jar[39541] INFO  [com.dot.cli.com.LoggingExecutionStrategy] (main) Executing command: instance
2023-11-03 11:58:45,612 my-windows quarkus-run.jar[39611] INFO  [com.dot.cli.com.LoggingExecutionStrategy] (main) Executing command: instance --activate default
2023-11-03 11:58:53,246 my-windows quarkus-run.jar[39680] INFO  [com.dot.cli.com.LoggingExecutionStrategy] (main) Executing command: login -e -p=dotcms -u=admin@dotcms.com
2023-11-03 11:58:57,298 my-windows quarkus-run.jar[39680] ERROR [com.dot.cli.com.OutputOptionMixin] (main) Error in command [login] with message: 
  HTTP 401 Forbidden: You don't have permission to access this resource.  : io.quarkus.security.UnauthorizedException: Authentication failed.  Please try again.
	at com.dotcms.api.provider.DefaultResponseExceptionMapper.toThrowable(DefaultResponseExceptionMapper.java:55)
	at com.dotcms.api.provider.DefaultResponseExceptionMapper.toThrowable(DefaultResponseExceptionMapper.java:20)
	at org.jboss.resteasy.microprofile.client.ExceptionMapping$HandlerException.mapException(ExceptionMapping.java:41)
	at org.jboss.resteasy.microprofile.client.ProxyInvocationHandler.invoke(ProxyInvocationHandler.java:153)
	at com.sun.proxy.$Proxy49.getToken(Unknown Source)
	at com.dotcms.api.DefaultAuthenticationContextImpl.login(DefaultAuthenticationContextImpl.java:90)
	at com.dotcms.api.DefaultAuthenticationContextImpl_ClientProxy.login(Unknown Source)
	at com.dotcms.cli.command.LoginCommand.call(LoginCommand.java:55)
	at com.dotcms.cli.command.LoginCommand_Subclass.call$$superforward1(Unknown Source)
	at com.dotcms.cli.command.LoginCommand_Subclass$$function$$2.apply(Unknown Source)
	at io.quarkus.arc.impl.AroundInvokeInvocationContext.proceed(AroundInvokeInvocationContext.java:54)
	at io.quarkus.arc.impl.ActivateRequestContextInterceptor.aroundInvoke(ActivateRequestContextInterceptor.java:24)
	at io.quarkus.arc.impl.ActivateRequestContextInterceptor_Bean.intercept(Unknown Source)
	at io.quarkus.arc.impl.InterceptorInvocation.invoke(InterceptorInvocation.java:41)
	at io.quarkus.arc.impl.AroundInvokeInvocationContext.perform(AroundInvokeInvocationContext.java:41)
	at io.quarkus.arc.impl.InvocationContexts.performAroundInvoke(InvocationContexts.java:32)
	at com.dotcms.cli.command.LoginCommand_Subclass.call(Unknown Source)
	at com.dotcms.cli.command.LoginCommand.call(LoginCommand.java:13)
	at picocli.CommandLine.executeUserObject(CommandLine.java:1953)
	at picocli.CommandLine.access$1300(CommandLine.java:145)
	at picocli.CommandLine$RunLast.executeUserObjectOfLastSubcommandWithSameParent(CommandLine.java:2358)
	at picocli.CommandLine$RunLast.handle(CommandLine.java:2352)
	at picocli.CommandLine$RunLast.handle(CommandLine.java:2314)
	at picocli.CommandLine$AbstractParseResultHandler.execute(CommandLine.java:2179)
	at picocli.CommandLine$RunLast.execute(CommandLine.java:2316)
	at com.dotcms.cli.common.LoggingExecutionStrategy.execute(LoggingExecutionStrategy.java:45)
	at io.quarkus.picocli.runtime.PicocliRunner$EventExecutionStrategy.execute(PicocliRunner.java:26)
	at picocli.CommandLine.execute(CommandLine.java:2078)
	at io.quarkus.picocli.runtime.PicocliRunner.run(PicocliRunner.java:40)
	at io.quarkus.runtime.ApplicationLifecycleManager.run(ApplicationLifecycleManager.java:124)
	at io.quarkus.runtime.Quarkus.run(Quarkus.java:67)
	at io.quarkus.runtime.Quarkus.run(Quarkus.java:41)
	at io.quarkus.runner.GeneratedMain.main(Unknown Source)
	at java.base/jdk.internal.reflect.NativeMethodAccessorImpl.invoke0(Native Method)
	at java.base/jdk.internal.reflect.NativeMethodAccessorImpl.invoke(NativeMethodAccessorImpl.java:62)
	at java.base/jdk.internal.reflect.DelegatingMethodAccessorImpl.invoke(DelegatingMethodAccessorImpl.java:43)
	at java.base/java.lang.reflect.Method.invoke(Method.java:566)
	at io.quarkus.bootstrap.runner.QuarkusEntryPoint.doRun(QuarkusEntryPoint.java:60)
	at io.quarkus.bootstrap.runner.QuarkusEntryPoint.main(QuarkusEntryPoint.java:31)

2023-11-03 12:00:21,580 my-windows quarkus-run.jar[39787] INFO  [com.dot.cli.com.LoggingExecutionStrategy] (main) Executing command: login --user=admin@dotCMS.com --password=admin
2023-11-03 12:00:40,465 my-windows quarkus-run.jar[39848] INFO  [com.dot.cli.com.LoggingExecutionStrategy] (main) Executing command: files pull //default
2023-11-03 12:00:40,470 my-windows quarkus-run.jar[39848] INFO  [com.dot.com.WorkspaceManagerImpl] (main) Found workspace at: /Users/jsanca/gitsources/jsanca-plugins/dotcms-js
2023-11-03 12:07:40,725 my-windows quarkus-run.jar[40440] INFO  [com.dot.cli.com.LoggingExecutionStrategy] (main) Executing command: push
2023-11-03 12:07:40,730 my-windows quarkus-run.jar[40440] INFO  [com.dot.com.WorkspaceManagerImpl] (main) Found workspace at: /Users/jsanca/gitsources/jsanca-plugins/dotcms-js
2023-11-03 12:07:40,735 my-windows quarkus-run.jar[40440] INFO  [com.dot.cli.com.LoggingExecutionStrategy] (main) Executing command: --noValidateUnmatchedArguments
2023-11-03 12:07:40,735 my-windows quarkus-run.jar[40440] INFO  [com.dot.com.WorkspaceManagerImpl] (main) Found workspace at: /Users/jsanca/gitsources/jsanca-plugins/dotcms-js
2023-11-03 12:07:41,001 my-windows quarkus-run.jar[40440] INFO  [com.dot.cli.com.LoggingExecutionStrategy] (main) Executing command: --noValidateUnmatchedArguments
2023-11-03 12:07:41,002 my-windows quarkus-run.jar[40440] INFO  [com.dot.com.WorkspaceManagerImpl] (main) Found workspace at: /Users/jsanca/gitsources/jsanca-plugins/dotcms-js
2023-11-03 12:07:42,526 my-windows quarkus-run.jar[40440] INFO  [com.dot.cli.com.LoggingExecutionStrategy] (main) Executing command: --noValidateUnmatchedArguments
2023-11-03 12:07:42,527 my-windows quarkus-run.jar[40440] INFO  [com.dot.com.WorkspaceManagerImpl] (main) Found workspace at: /Users/jsanca/gitsources/jsanca-plugins/dotcms-js
2023-11-03 12:07:44,555 my-windows quarkus-run.jar[40440] INFO  [com.dot.cli.com.LoggingExecutionStrategy] (main) Executing command: --noValidateUnmatchedArguments
2023-11-03 12:08:11,464 my-windows quarkus-run.jar[40505] INFO  [com.dot.cli.com.LoggingExecutionStrategy] (main) Executing command: files push //default
2023-11-03 12:08:11,472 my-windows quarkus-run.jar[40505] INFO  [com.dot.com.WorkspaceManagerImpl] (main) looking up workspace, current path is : /default and parent is /
2023-11-03 12:08:11,487 my-windows quarkus-run.jar[40505] ERROR [com.dot.cli.com.OutputOptionMixin] (main) Error in command [push] with message: 
  No valid workspace found at path: [/default]  : java.lang.IllegalArgumentException: No valid workspace found at path: [/default]
	at com.dotcms.cli.command.files.AbstractFilesCommand.getWorkspaceDirectory(AbstractFilesCommand.java:83)
	at com.dotcms.cli.command.files.FilesPush_Subclass.getWorkspaceDirectory$$superforward1(Unknown Source)
	at com.dotcms.cli.command.files.FilesPush_Subclass$$function$$4.apply(Unknown Source)
	at io.quarkus.arc.impl.AroundInvokeInvocationContext.proceed(AroundInvokeInvocationContext.java:54)
	at io.quarkus.arc.impl.ActivateRequestContextInterceptor.aroundInvoke(ActivateRequestContextInterceptor.java:20)
	at io.quarkus.arc.impl.ActivateRequestContextInterceptor_Bean.intercept(Unknown Source)
	at io.quarkus.arc.impl.InterceptorInvocation.invoke(InterceptorInvocation.java:41)
	at io.quarkus.arc.impl.AroundInvokeInvocationContext.perform(AroundInvokeInvocationContext.java:41)
	at io.quarkus.arc.impl.InvocationContexts.performAroundInvoke(InvocationContexts.java:32)
	at com.dotcms.cli.command.files.FilesPush_Subclass.getWorkspaceDirectory(Unknown Source)
	at com.dotcms.cli.command.files.FilesPush.call(FilesPush.java:64)
	at com.dotcms.cli.command.files.FilesPush_Subclass.call$$superforward1(Unknown Source)
	at com.dotcms.cli.command.files.FilesPush_Subclass$$function$$5.apply(Unknown Source)
	at io.quarkus.arc.impl.AroundInvokeInvocationContext.proceed(AroundInvokeInvocationContext.java:54)
	at io.quarkus.arc.impl.ActivateRequestContextInterceptor.aroundInvoke(ActivateRequestContextInterceptor.java:24)
	at io.quarkus.arc.impl.ActivateRequestContextInterceptor_Bean.intercept(Unknown Source)
	at io.quarkus.arc.impl.InterceptorInvocation.invoke(InterceptorInvocation.java:41)
	at io.quarkus.arc.impl.AroundInvokeInvocationContext.perform(AroundInvokeInvocationContext.java:41)
	at io.quarkus.arc.impl.InvocationContexts.performAroundInvoke(InvocationContexts.java:32)
	at com.dotcms.cli.command.files.FilesPush_Subclass.call(Unknown Source)
	at com.dotcms.cli.command.files.FilesPush.call(FilesPush.java:26)
	at picocli.CommandLine.executeUserObject(CommandLine.java:1953)
	at picocli.CommandLine.access$1300(CommandLine.java:145)
	at picocli.CommandLine$RunLast.executeUserObjectOfLastSubcommandWithSameParent(CommandLine.java:2358)
	at picocli.CommandLine$RunLast.handle(CommandLine.java:2352)
	at picocli.CommandLine$RunLast.handle(CommandLine.java:2314)
	at picocli.CommandLine$AbstractParseResultHandler.execute(CommandLine.java:2179)
	at picocli.CommandLine$RunLast.execute(CommandLine.java:2316)
	at com.dotcms.cli.common.LoggingExecutionStrategy.execute(LoggingExecutionStrategy.java:45)
	at io.quarkus.picocli.runtime.PicocliRunner$EventExecutionStrategy.execute(PicocliRunner.java:26)
	at picocli.CommandLine.execute(CommandLine.java:2078)
	at io.quarkus.picocli.runtime.PicocliRunner.run(PicocliRunner.java:40)
	at io.quarkus.runtime.ApplicationLifecycleManager.run(ApplicationLifecycleManager.java:124)
	at io.quarkus.runtime.Quarkus.run(Quarkus.java:67)
	at io.quarkus.runtime.Quarkus.run(Quarkus.java:41)
	at io.quarkus.runner.GeneratedMain.main(Unknown Source)
	at java.base/jdk.internal.reflect.NativeMethodAccessorImpl.invoke0(Native Method)
	at java.base/jdk.internal.reflect.NativeMethodAccessorImpl.invoke(NativeMethodAccessorImpl.java:62)
	at java.base/jdk.internal.reflect.DelegatingMethodAccessorImpl.invoke(DelegatingMethodAccessorImpl.java:43)
	at java.base/java.lang.reflect.Method.invoke(Method.java:566)
	at io.quarkus.bootstrap.runner.QuarkusEntryPoint.doRun(QuarkusEntryPoint.java:60)
	at io.quarkus.bootstrap.runner.QuarkusEntryPoint.main(QuarkusEntryPoint.java:31)

2023-11-03 12:08:19,742 my-windows quarkus-run.jar[40561] INFO  [com.dot.cli.com.LoggingExecutionStrategy] (main) Executing command: files push
2023-11-03 12:08:19,747 my-windows quarkus-run.jar[40561] INFO  [com.dot.com.WorkspaceManagerImpl] (main) Found workspace at: /Users/jsanca/gitsources/jsanca-plugins/dotcms-js
2023-11-03 12:08:28,322 my-windows quarkus-run.jar[40618] INFO  [com.dot.cli.com.LoggingExecutionStrategy] (main) Executing command: status
2023-11-03 12:09:13,602 my-windows quarkus-run.jar[40694] INFO  [com.dot.cli.com.LoggingExecutionStrategy] (main) Executing command: files
2023-11-03 12:10:22,483 my-windows quarkus-run.jar[40884] INFO  [com.dot.cli.com.LoggingExecutionStrategy] (main) Executing command: files push
2023-11-03 12:10:22,487 my-windows quarkus-run.jar[40884] INFO  [com.dot.com.WorkspaceManagerImpl] (main) Found workspace at: /Users/jsanca/gitsources/jsanca-plugins/dotcms-js
2023-11-03 12:11:20,371 my-windows quarkus-run.jar[41114] INFO  [com.dot.cli.com.LoggingExecutionStrategy] (main) Executing command: files
2023-11-03 12:11:44,437 my-windows quarkus-run.jar[41177] INFO  [com.dot.cli.com.LoggingExecutionStrategy] (main) Executing command: files push --help
2023-11-03 12:12:21,071 my-windows quarkus-run.jar[41249] INFO  [com.dot.cli.com.LoggingExecutionStrategy] (main) Executing command: files push files/live/en-us/default/application/modules/formvalidator.mjs
2023-11-03 12:12:21,084 my-windows quarkus-run.jar[41249] INFO  [com.dot.com.WorkspaceManagerImpl] (main) looking up workspace, current path is : /Users/jsanca/gitsources/jsanca-plugins/dotcms-js/files/live/en-us/default/application/modules/formvalidator.mjs and parent is /Users/jsanca/gitsources/jsanca-plugins/dotcms-js/files/live/en-us/default/application/modules
2023-11-03 12:12:21,085 my-windows quarkus-run.jar[41249] INFO  [com.dot.com.WorkspaceManagerImpl] (main) Found workspace at: /Users/jsanca/gitsources/jsanca-plugins/dotcms-js/files/live/en-us/default/application/modules/formvalidator.mjs
